<?xml version="1.0" encoding="utf-8"?><testsuites name="pytest tests"><testsuite name="pytest" errors="0" failures="0" skipped="0" tests="11" time="23.265" timestamp="2026-08-22T02:16:29.114691+00:00" hostname="agent-env-8184a6f7-b631-4c8e-ad6b-34c2cb380913"><testcase classname="tests.test_iter2_features.TestSeo" name="test_sitemap" time="0.251" /><testcase classname="tests.test_iter2_features.TestPriceAlerts" name="test_create_alert_ok" time="0.459" /><testcase classname="tests.test_iter2_features.TestSeo" name="test_robots" time="0.286" /><testcase classname="tests.test_iter2_features.TestPriceAlerts" name="test_create_alert_unknown_product_404" time="0.419" /><testcase classname="tests.test_iter2_features.TestPriceAlerts" name="test_admin_list_alerts_requires_auth" time="0.204" /><testcase classname="tests.test_iter2_features.TestPriceAlerts" name="test_admin_list_alerts" time="7.453" /><testcase classname="tests.test_iter2_features.TestPriceAlerts" name="test_check_triggers" time="0.512" /><testcase classname="tests.test_iter2_features.TestSiteSettings" name="test_defaults_and_persist" time="0.488" /><testcase classname="tests.test_iter2_features.TestBlog" name="test_publish_and_list" time="16.006" /><testcase classname="tests.test_iter2_features.TestFeedImport" name="test_import_and_idempotent" time="0.536" /><testcase classname="tests.test_iter2_features.TestChangePassword" name="test_full_flow" time="4.665" /></testsuite></testsuites>